<?xml version="1.0" encoding="UTF-8"?>
<testng-results skipped="0" failed="0" ignored="0" total="1" passed="1">
  <reporter-output>
  </reporter-output>
  <suite name="Suite" duration-ms="52584" started-at="2023-01-25T08:59:37 IST" finished-at="2023-01-25T09:00:29 IST">
    <groups>
    </groups>
    <test name="Test" duration-ms="52584" started-at="2023-01-25T08:59:37 IST" finished-at="2023-01-25T09:00:29 IST">
      <class name="com.inetbanking.testCases.TC_LoginTest_001">
        <test-method status="PASS" signature="setup()[pri:0, instance:com.inetbanking.testCases.TC_LoginTest_001@4fe3c938]" name="setup" is-config="true" duration-ms="41729" started-at="2023-01-25T08:59:37 IST" finished-at="2023-01-25T09:00:18 IST">
          <reporter-output>
          </reporter-output>
        </test-method> <!-- setup -->
        <test-method status="PASS" signature="loginTest()[pri:0, instance:com.inetbanking.testCases.TC_LoginTest_001@4fe3c938]" name="loginTest" duration-ms="9157" started-at="2023-01-25T09:00:19 IST" finished-at="2023-01-25T09:00:28 IST">
          <reporter-output>
          </reporter-output>
        </test-method> <!-- loginTest -->
        <test-method status="PASS" signature="tearDown()[pri:0, instance:com.inetbanking.testCases.TC_LoginTest_001@4fe3c938]" name="tearDown" is-config="true" duration-ms="1557" started-at="2023-01-25T09:00:28 IST" finished-at="2023-01-25T09:00:29 IST">
          <reporter-output>
          </reporter-output>
        </test-method> <!-- tearDown -->
      </class> <!-- com.inetbanking.testCases.TC_LoginTest_001 -->
    </test> <!-- Test -->
  </suite> <!-- Suite -->
</testng-results>
